{
"contracts/Ditto.sol":{"l":{"50":2,"51":2,"60":3,"61":1,"65":3,"66":3,"67":3,"100":2,"101":0,"102":0,"105":2,"106":2,"108":0,"111":2,"112":0,"115":2,"117":2,"118":2,"125":13,"126":13,"127":13,"129":13,"131":13,"142":4,"154":5,"166":2,"181":1,"182":1,"183":1,"184":1,"185":1,"199":0,"213":0,"215":0,"216":0,"217":0,"218":0,"220":0,"239":0,"240":0,"241":0,"256":0,"258":0,"259":0,"273":0,"274":0,"275":0,"277":0,"279":0,"280":0,"287":0},"path":"/home/osboxes/Desktop/ditto-contracts/contracts/Ditto.sol","s":{"1":2,"2":3,"3":3,"4":3,"5":2,"6":0,"7":0,"8":2,"9":2,"10":0,"11":2,"12":0,"13":2,"14":2,"15":2,"16":13,"17":13,"18":13,"19":13,"20":13,"21":4,"22":5,"23":2,"24":1,"25":1,"26":1,"27":1,"28":1,"29":0,"30":0,"31":0,"32":0,"33":0,"34":0,"35":0,"36":0,"37":0,"38":0,"39":0,"40":0,"41":0,"42":0,"43":0,"44":0,"45":0,"46":0,"47":0,"48":0},"b":{"1":[2,0],"2":[1,2],"3":[3,0],"4":[3,0],"5":[0,2],"6":[2,0],"7":[0,2],"8":[0,0]},"f":{"1":2,"2":3,"3":3,"4":2,"5":13,"6":4,"7":5,"8":2,"9":1,"10":0,"11":0,"12":0,"13":0,"14":0,"15":0},"fnMap":{"1":{"name":"onlyMaster","line":49,"loc":{"start":{"line":49,"column":4},"end":{"line":52,"column":4}}},"2":{"name":"initialDistributionLock","line":59,"loc":{"start":{"line":59,"column":4},"end":{"line":62,"column":4}}},"3":{"name":"validRecipient","line":64,"loc":{"start":{"line":64,"column":4},"end":{"line":68,"column":4}}},"4":{"name":"rebase","line":97,"loc":{"start":{"line":95,"column":4},"end":{"line":119,"column":4}}},"5":{"name":"constructor","line":122,"loc":{"start":{"line":121,"column":4},"end":{"line":132,"column":4}}},"6":{"name":"setMaster","line":139,"loc":{"start":{"line":137,"column":4},"end":{"line":143,"column":4}}},"7":{"name":"totalSupply","line":149,"loc":{"start":{"line":149,"column":4},"end":{"line":155,"column":4}}},"8":{"name":"balanceOf","line":161,"loc":{"start":{"line":161,"column":4},"end":{"line":167,"column":4}}},"9":{"name":"transfer","line":178,"loc":{"start":{"line":175,"column":4},"end":{"line":186,"column":4}}},"10":{"name":"allowance","line":194,"loc":{"start":{"line":194,"column":4},"end":{"line":200,"column":4}}},"11":{"name":"transferFrom","line":210,"loc":{"start":{"line":208,"column":4},"end":{"line":221,"column":4}}},"12":{"name":"approve","line":236,"loc":{"start":{"line":234,"column":4},"end":{"line":242,"column":4}}},"13":{"name":"increaseAllowance","line":253,"loc":{"start":{"line":251,"column":4},"end":{"line":260,"column":4}}},"14":{"name":"decreaseAllowance","line":270,"loc":{"start":{"line":268,"column":4},"end":{"line":281,"column":4}}},"15":{"name":"setInitialDistributionFinished","line":285,"loc":{"start":{"line":283,"column":4},"end":{"line":288,"column":4}}}},"statementMap":{"1":{"start":{"line":50,"column":8},"end":{"line":50,"column":36}},"2":{"start":{"line":60,"column":8},"end":{"line":60,"column":56}},"3":{"start":{"line":65,"column":8},"end":{"line":65,"column":34}},"4":{"start":{"line":66,"column":8},"end":{"line":66,"column":35}},"5":{"start":{"line":100,"column":8},"end":{"line":100,"column":3584}},"6":{"start":{"line":101,"column":12},"end":{"line":101,"column":47}},"7":{"start":{"line":102,"column":12},"end":{"line":102,"column":31}},"8":{"start":{"line":105,"column":8},"end":{"line":105,"column":3709}},"9":{"start":{"line":106,"column":12},"end":{"line":106,"column":70}},"10":{"start":{"line":108,"column":12},"end":{"line":108,"column":64}},"11":{"start":{"line":111,"column":8},"end":{"line":111,"column":3908}},"12":{"start":{"line":112,"column":12},"end":{"line":112,"column":36}},"13":{"start":{"line":115,"column":8},"end":{"line":115,"column":54}},"14":{"start":{"line":117,"column":8},"end":{"line":117,"column":43}},"15":{"start":{"line":118,"column":8},"end":{"line":118,"column":27}},"16":{"start":{"line":125,"column":8},"end":{"line":125,"column":46}},"17":{"start":{"line":126,"column":8},"end":{"line":126,"column":44}},"18":{"start":{"line":127,"column":8},"end":{"line":127,"column":54}},"19":{"start":{"line":129,"column":8},"end":{"line":129,"column":42}},"20":{"start":{"line":131,"column":8},"end":{"line":131,"column":61}},"21":{"start":{"line":142,"column":8},"end":{"line":142,"column":23}},"22":{"start":{"line":154,"column":8},"end":{"line":154,"column":27}},"23":{"start":{"line":166,"column":8},"end":{"line":166,"column":54}},"24":{"start":{"line":181,"column":8},"end":{"line":181,"column":54}},"25":{"start":{"line":182,"column":8},"end":{"line":182,"column":72}},"26":{"start":{"line":183,"column":8},"end":{"line":183,"column":56}},"27":{"start":{"line":184,"column":8},"end":{"line":184,"column":44}},"28":{"start":{"line":185,"column":8},"end":{"line":185,"column":19}},"29":{"start":{"line":199,"column":8},"end":{"line":199,"column":49}},"30":{"start":{"line":213,"column":8},"end":{"line":213,"column":91}},"31":{"start":{"line":215,"column":8},"end":{"line":215,"column":54}},"32":{"start":{"line":216,"column":8},"end":{"line":216,"column":60}},"33":{"start":{"line":217,"column":8},"end":{"line":217,"column":56}},"34":{"start":{"line":218,"column":8},"end":{"line":218,"column":38}},"35":{"start":{"line":220,"column":8},"end":{"line":220,"column":19}},"36":{"start":{"line":239,"column":8},"end":{"line":239,"column":53}},"37":{"start":{"line":240,"column":8},"end":{"line":240,"column":49}},"38":{"start":{"line":241,"column":8},"end":{"line":241,"column":19}},"39":{"start":{"line":256,"column":8},"end":{"line":256,"column":8446}},"40":{"start":{"line":258,"column":8},"end":{"line":258,"column":82}},"41":{"start":{"line":259,"column":8},"end":{"line":259,"column":19}},"42":{"start":{"line":273,"column":8},"end":{"line":273,"column":65}},"43":{"start":{"line":274,"column":8},"end":{"line":274,"column":9084}},"44":{"start":{"line":275,"column":12},"end":{"line":275,"column":53}},"45":{"start":{"line":277,"column":12},"end":{"line":277,"column":81}},"46":{"start":{"line":279,"column":8},"end":{"line":279,"column":82}},"47":{"start":{"line":280,"column":8},"end":{"line":280,"column":19}},"48":{"start":{"line":287,"column":8},"end":{"line":287,"column":41}}},"branchMap":{"1":{"line":50,"type":"if","locations":[{"start":{"line":50,"column":8},"end":{"line":50,"column":8}},{"start":{"line":50,"column":8},"end":{"line":50,"column":8}}]},"2":{"line":60,"type":"if","locations":[{"start":{"line":60,"column":8},"end":{"line":60,"column":8}},{"start":{"line":60,"column":8},"end":{"line":60,"column":8}}]},"3":{"line":65,"type":"if","locations":[{"start":{"line":65,"column":8},"end":{"line":65,"column":8}},{"start":{"line":65,"column":8},"end":{"line":65,"column":8}}]},"4":{"line":66,"type":"if","locations":[{"start":{"line":66,"column":8},"end":{"line":66,"column":8}},{"start":{"line":66,"column":8},"end":{"line":66,"column":8}}]},"5":{"line":100,"type":"if","locations":[{"start":{"line":100,"column":8},"end":{"line":100,"column":8}},{"start":{"line":100,"column":8},"end":{"line":100,"column":8}}]},"6":{"line":105,"type":"if","locations":[{"start":{"line":105,"column":8},"end":{"line":105,"column":8}},{"start":{"line":105,"column":8},"end":{"line":105,"column":8}}]},"7":{"line":111,"type":"if","locations":[{"start":{"line":111,"column":8},"end":{"line":111,"column":8}},{"start":{"line":111,"column":8},"end":{"line":111,"column":8}}]},"8":{"line":274,"type":"if","locations":[{"start":{"line":274,"column":8},"end":{"line":274,"column":8}},{"start":{"line":274,"column":8},"end":{"line":274,"column":8}}]}}},
"contracts/lib/SafeMath.sol":{"l":{"17":3,"18":0,"21":3,"22":3,"24":3,"31":19,"32":19,"35":19,"42":5,"43":5,"45":5,"52":5,"53":5,"55":5,"63":0,"64":0},"path":"/home/osboxes/Desktop/ditto-contracts/contracts/lib/SafeMath.sol","s":{"1":3,"2":0,"3":3,"4":3,"5":3,"6":19,"7":19,"8":19,"9":5,"10":5,"11":5,"12":5,"13":5,"14":5,"15":0,"16":0},"b":{"1":[0,3],"2":[3,0],"3":[19,0],"4":[5,0],"5":[5,0],"6":[0,0]},"f":{"1":3,"2":19,"3":5,"4":5,"5":0},"fnMap":{"1":{"name":"mul","line":13,"loc":{"start":{"line":13,"column":2},"end":{"line":25,"column":2}}},"2":{"name":"div","line":30,"loc":{"start":{"line":30,"column":2},"end":{"line":36,"column":2}}},"3":{"name":"sub","line":41,"loc":{"start":{"line":41,"column":2},"end":{"line":46,"column":2}}},"4":{"name":"add","line":51,"loc":{"start":{"line":51,"column":2},"end":{"line":56,"column":2}}},"5":{"name":"mod","line":62,"loc":{"start":{"line":62,"column":2},"end":{"line":65,"column":2}}}},"statementMap":{"1":{"start":{"line":17,"column":4},"end":{"line":17,"column":527}},"2":{"start":{"line":18,"column":6},"end":{"line":18,"column":14}},"3":{"start":{"line":21,"column":4},"end":{"line":21,"column":21}},"4":{"start":{"line":22,"column":4},"end":{"line":22,"column":22}},"5":{"start":{"line":24,"column":4},"end":{"line":24,"column":12}},"6":{"start":{"line":31,"column":4},"end":{"line":31,"column":17}},"7":{"start":{"line":32,"column":4},"end":{"line":32,"column":21}},"8":{"start":{"line":35,"column":4},"end":{"line":35,"column":12}},"9":{"start":{"line":42,"column":4},"end":{"line":42,"column":18}},"10":{"start":{"line":43,"column":4},"end":{"line":43,"column":21}},"11":{"start":{"line":45,"column":4},"end":{"line":45,"column":12}},"12":{"start":{"line":52,"column":4},"end":{"line":52,"column":21}},"13":{"start":{"line":53,"column":4},"end":{"line":53,"column":18}},"14":{"start":{"line":55,"column":4},"end":{"line":55,"column":12}},"15":{"start":{"line":63,"column":4},"end":{"line":63,"column":18}},"16":{"start":{"line":64,"column":4},"end":{"line":64,"column":16}}},"branchMap":{"1":{"line":17,"type":"if","locations":[{"start":{"line":17,"column":4},"end":{"line":17,"column":4}},{"start":{"line":17,"column":4},"end":{"line":17,"column":4}}]},"2":{"line":22,"type":"if","locations":[{"start":{"line":22,"column":4},"end":{"line":22,"column":4}},{"start":{"line":22,"column":4},"end":{"line":22,"column":4}}]},"3":{"line":31,"type":"if","locations":[{"start":{"line":31,"column":4},"end":{"line":31,"column":4}},{"start":{"line":31,"column":4},"end":{"line":31,"column":4}}]},"4":{"line":42,"type":"if","locations":[{"start":{"line":42,"column":4},"end":{"line":42,"column":4}},{"start":{"line":42,"column":4},"end":{"line":42,"column":4}}]},"5":{"line":53,"type":"if","locations":[{"start":{"line":53,"column":4},"end":{"line":53,"column":4}},{"start":{"line":53,"column":4},"end":{"line":53,"column":4}}]},"6":{"line":63,"type":"if","locations":[{"start":{"line":63,"column":4},"end":{"line":63,"column":4}},{"start":{"line":63,"column":4},"end":{"line":63,"column":4}}]}}},
"contracts/lib/SafeMathInt.sol":{"l":{"20":2,"23":2,"24":2,"25":2,"37":4,"40":4,"51":2,"52":2,"53":2,"64":0,"65":0,"66":0,"77":2,"78":2},"path":"/home/osboxes/Desktop/ditto-contracts/contracts/lib/SafeMathInt.sol","s":{"1":2,"2":2,"3":2,"4":2,"5":4,"6":4,"7":2,"8":2,"9":2,"10":0,"11":0,"12":0,"13":2,"14":2},"b":{"1":[2,0],"2":[2,0],"3":[4,0],"4":[2,0],"5":[0,0],"6":[2,0]},"f":{"1":2,"2":4,"3":2,"4":0,"5":2},"fnMap":{"1":{"name":"mul","line":15,"loc":{"start":{"line":15,"column":4},"end":{"line":26,"column":4}}},"2":{"name":"div","line":31,"loc":{"start":{"line":31,"column":4},"end":{"line":41,"column":4}}},"3":{"name":"sub","line":46,"loc":{"start":{"line":46,"column":4},"end":{"line":54,"column":4}}},"4":{"name":"add","line":59,"loc":{"start":{"line":59,"column":4},"end":{"line":67,"column":4}}},"5":{"name":"abs","line":72,"loc":{"start":{"line":72,"column":4},"end":{"line":79,"column":4}}}},"statementMap":{"1":{"start":{"line":20,"column":8},"end":{"line":20,"column":24}},"2":{"start":{"line":23,"column":8},"end":{"line":23,"column":71}},"3":{"start":{"line":24,"column":8},"end":{"line":24,"column":40}},"4":{"start":{"line":25,"column":8},"end":{"line":25,"column":16}},"5":{"start":{"line":37,"column":8},"end":{"line":37,"column":42}},"6":{"start":{"line":40,"column":8},"end":{"line":40,"column":20}},"7":{"start":{"line":51,"column":8},"end":{"line":51,"column":24}},"8":{"start":{"line":52,"column":8},"end":{"line":52,"column":54}},"9":{"start":{"line":53,"column":8},"end":{"line":53,"column":16}},"10":{"start":{"line":64,"column":8},"end":{"line":64,"column":24}},"11":{"start":{"line":65,"column":8},"end":{"line":65,"column":54}},"12":{"start":{"line":66,"column":8},"end":{"line":66,"column":16}},"13":{"start":{"line":77,"column":8},"end":{"line":77,"column":31}},"14":{"start":{"line":78,"column":8},"end":{"line":78,"column":29}}},"branchMap":{"1":{"line":23,"type":"if","locations":[{"start":{"line":23,"column":8},"end":{"line":23,"column":8}},{"start":{"line":23,"column":8},"end":{"line":23,"column":8}}]},"2":{"line":24,"type":"if","locations":[{"start":{"line":24,"column":8},"end":{"line":24,"column":8}},{"start":{"line":24,"column":8},"end":{"line":24,"column":8}}]},"3":{"line":37,"type":"if","locations":[{"start":{"line":37,"column":8},"end":{"line":37,"column":8}},{"start":{"line":37,"column":8},"end":{"line":37,"column":8}}]},"4":{"line":52,"type":"if","locations":[{"start":{"line":52,"column":8},"end":{"line":52,"column":8}},{"start":{"line":52,"column":8},"end":{"line":52,"column":8}}]},"5":{"line":65,"type":"if","locations":[{"start":{"line":65,"column":8},"end":{"line":65,"column":8}},{"start":{"line":65,"column":8},"end":{"line":65,"column":8}}]},"6":{"line":77,"type":"if","locations":[{"start":{"line":77,"column":8},"end":{"line":77,"column":8}},{"start":{"line":77,"column":8},"end":{"line":77,"column":8}}]}}},
"contracts/lib/UInt256Lib.sol":{"l":{"19":6,"20":6},"path":"/home/osboxes/Desktop/ditto-contracts/contracts/lib/UInt256Lib.sol","s":{"1":6,"2":6},"b":{"1":[6,0]},"f":{"1":6},"fnMap":{"1":{"name":"toInt256Safe","line":14,"loc":{"start":{"line":14,"column":4},"end":{"line":21,"column":4}}}},"statementMap":{"1":{"start":{"line":19,"column":8},"end":{"line":19,"column":31}},"2":{"start":{"line":20,"column":8},"end":{"line":20,"column":24}}},"branchMap":{"1":{"line":19,"type":"if","locations":[{"start":{"line":19,"column":8},"end":{"line":19,"column":8}},{"start":{"line":19,"column":8},"end":{"line":19,"column":8}}]}}},
"contracts/MarketOracle.sol":{"l":{"106":0,"107":0,"108":0,"109":0,"110":0,"111":0,"114":0,"140":0,"145":0,"150":0,"151":0,"157":0,"158":0,"159":0,"165":0,"166":0,"171":0,"176":0,"181":0,"182":0,"187":0,"196":0,"197":0,"198":0,"203":0,"204":0,"214":0,"215":0,"216":0,"221":0,"222":0,"223":0,"228":0,"229":0,"230":0,"231":0,"232":0,"233":0,"238":0,"239":0,"240":0,"241":0,"242":0,"247":0,"248":0,"249":0,"250":0,"251":0,"252":0,"258":0,"259":0,"260":0,"261":0,"262":0,"263":0,"275":0,"282":0,"283":0,"284":0,"287":0,"288":0,"290":0,"293":0,"295":0,"326":0,"327":0,"336":0,"338":0,"339":0,"341":0,"342":0,"344":0,"345":0,"347":0,"349":0,"350":0,"352":0,"357":0,"360":0,"362":0,"367":0,"370":0,"372":0,"378":0,"379":0,"381":0,"382":0,"388":0,"389":0,"390":0,"392":0,"394":0,"396":0,"398":0,"400":0,"402":0},"path":"/home/osboxes/Desktop/ditto-contracts/contracts/MarketOracle.sol","s":{"1":0,"2":0,"3":0,"4":0,"5":0,"6":0,"7":0,"8":0,"9":0,"10":0,"11":0,"12":0,"13":0,"14":0,"15":0,"16":0,"17":0,"18":0,"19":0,"20":0,"21":0,"22":0,"23":0,"24":0,"25":0,"26":0,"27":0,"28":0,"29":0,"30":0,"31":0,"32":0,"33":0,"34":0,"35":0,"36":0,"37":0,"38":0,"39":0,"40":0,"41":0,"42":0,"43":0,"44":0,"45":0,"46":0,"47":0,"48":0,"49":0,"50":0,"51":0,"52":0,"53":0,"54":0,"55":0,"56":0,"57":0,"58":0,"59":0,"60":0,"61":0,"62":0,"63":0,"64":0,"65":0,"66":0,"67":0,"68":0,"69":0,"70":0,"71":0,"72":0,"73":0,"74":0,"75":0,"76":0,"77":0,"78":0,"79":0,"80":0,"81":0,"82":0,"83":0,"84":0,"85":0,"86":0,"87":0,"88":0,"89":0,"90":0,"91":0,"92":0,"93":0,"94":0,"95":0,"96":0},"b":{"1":[0,0],"2":[0,0],"3":[0,0],"4":[0,0],"5":[0,0],"6":[0,0],"7":[0,0],"8":[0,0],"9":[0,0],"10":[0,0],"11":[0,0],"12":[0,0],"13":[0,0],"14":[0,0],"15":[0,0],"16":[0,0],"17":[0,0],"18":[0,0]},"f":{"1":0,"2":0,"3":0,"4":0,"5":0,"6":0,"7":0,"8":0,"9":0,"10":0,"11":0,"12":0,"13":0,"14":0,"15":0,"16":0,"17":0,"18":0,"19":0,"20":0,"21":0,"22":0,"23":0,"24":0,"25":0,"26":0},"fnMap":{"1":{"name":"sqrt","line":105,"loc":{"start":{"line":105,"column":4},"end":{"line":117,"column":4}}},"2":{"name":"encode","line":139,"loc":{"start":{"line":139,"column":4},"end":{"line":141,"column":4}}},"3":{"name":"encode144","line":144,"loc":{"start":{"line":144,"column":4},"end":{"line":146,"column":4}}},"4":{"name":"div","line":149,"loc":{"start":{"line":149,"column":4},"end":{"line":152,"column":4}}},"5":{"name":"mul","line":156,"loc":{"start":{"line":156,"column":4},"end":{"line":160,"column":4}}},"6":{"name":"fraction","line":164,"loc":{"start":{"line":164,"column":4},"end":{"line":167,"column":4}}},"7":{"name":"decode","line":170,"loc":{"start":{"line":170,"column":4},"end":{"line":172,"column":4}}},"8":{"name":"decode144","line":175,"loc":{"start":{"line":175,"column":4},"end":{"line":177,"column":4}}},"9":{"name":"reciprocal","line":180,"loc":{"start":{"line":180,"column":4},"end":{"line":183,"column":4}}},"10":{"name":"sqrt","line":186,"loc":{"start":{"line":186,"column":4},"end":{"line":188,"column":4}}},"11":{"name":"sortTokens","line":195,"loc":{"start":{"line":195,"column":4},"end":{"line":199,"column":4}}},"12":{"name":"pairFor","line":202,"loc":{"start":{"line":202,"column":4},"end":{"line":210,"column":4}}},"13":{"name":"getReserves","line":213,"loc":{"start":{"line":213,"column":4},"end":{"line":217,"column":4}}},"14":{"name":"quote","line":220,"loc":{"start":{"line":220,"column":4},"end":{"line":224,"column":4}}},"15":{"name":"getAmountOut","line":227,"loc":{"start":{"line":227,"column":4},"end":{"line":234,"column":4}}},"16":{"name":"getAmountIn","line":237,"loc":{"start":{"line":237,"column":4},"end":{"line":243,"column":4}}},"17":{"name":"getAmountsOut","line":246,"loc":{"start":{"line":246,"column":4},"end":{"line":254,"column":4}}},"18":{"name":"getAmountsIn","line":257,"loc":{"start":{"line":257,"column":4},"end":{"line":265,"column":4}}},"19":{"name":"currentBlockTimestamp","line":274,"loc":{"start":{"line":274,"column":4},"end":{"line":276,"column":4}}},"20":{"name":"currentCumulativePrices","line":279,"loc":{"start":{"line":279,"column":4},"end":{"line":297,"column":4}}},"21":{"name":"onlyControllerOrOwner","line":325,"loc":{"start":{"line":325,"column":4},"end":{"line":328,"column":4}}},"22":{"name":"constructor","line":330,"loc":{"start":{"line":330,"column":4},"end":{"line":353,"column":4}}},"23":{"name":"getDittoBnbRate","line":356,"loc":{"start":{"line":356,"column":4},"end":{"line":363,"column":4}}},"24":{"name":"getUsdcBnbRate","line":366,"loc":{"start":{"line":366,"column":4},"end":{"line":373,"column":4}}},"25":{"name":"update","line":376,"loc":{"start":{"line":376,"column":3},"end":{"line":383,"column":4}}},"26":{"name":"getData","line":386,"loc":{"start":{"line":386,"column":4},"end":{"line":403,"column":4}}}},"statementMap":{"1":{"start":{"line":106,"column":8},"end":{"line":106,"column":4504}},"2":{"start":{"line":107,"column":12},"end":{"line":107,"column":16}},"3":{"start":{"line":108,"column":12},"end":{"line":108,"column":30}},"4":{"start":{"line":109,"column":12},"end":{"line":109,"column":4584}},"5":{"start":{"line":110,"column":16},"end":{"line":110,"column":20}},"6":{"start":{"line":111,"column":16},"end":{"line":111,"column":34}},"7":{"start":{"line":113,"column":15},"end":{"line":113,"column":4685}},"8":{"start":{"line":114,"column":12},"end":{"line":114,"column":16}},"9":{"start":{"line":140,"column":8},"end":{"line":140,"column":50}},"10":{"start":{"line":145,"column":8},"end":{"line":145,"column":50}},"11":{"start":{"line":150,"column":8},"end":{"line":150,"column":49}},"12":{"start":{"line":151,"column":8},"end":{"line":151,"column":46}},"13":{"start":{"line":157,"column":8},"end":{"line":157,"column":14}},"14":{"start":{"line":158,"column":8},"end":{"line":158,"column":109}},"15":{"start":{"line":159,"column":8},"end":{"line":159,"column":27}},"16":{"start":{"line":165,"column":8},"end":{"line":165,"column":58}},"17":{"start":{"line":166,"column":8},"end":{"line":166,"column":74}},"18":{"start":{"line":171,"column":8},"end":{"line":171,"column":45}},"19":{"start":{"line":176,"column":8},"end":{"line":176,"column":45}},"20":{"start":{"line":181,"column":8},"end":{"line":181,"column":59}},"21":{"start":{"line":182,"column":8},"end":{"line":182,"column":49}},"22":{"start":{"line":187,"column":8},"end":{"line":187,"column":74}},"23":{"start":{"line":196,"column":8},"end":{"line":196,"column":73}},"24":{"start":{"line":197,"column":8},"end":{"line":197,"column":79}},"25":{"start":{"line":198,"column":8},"end":{"line":198,"column":70}},"26":{"start":{"line":203,"column":8},"end":{"line":203,"column":69}},"27":{"start":{"line":204,"column":8},"end":{"line":204,"column":8264}},"28":{"start":{"line":214,"column":8},"end":{"line":214,"column":54}},"29":{"start":{"line":215,"column":8},"end":{"line":215,"column":104}},"30":{"start":{"line":216,"column":8},"end":{"line":216,"column":92}},"31":{"start":{"line":221,"column":8},"end":{"line":221,"column":68}},"32":{"start":{"line":222,"column":8},"end":{"line":222,"column":88}},"33":{"start":{"line":223,"column":8},"end":{"line":223,"column":49}},"34":{"start":{"line":228,"column":8},"end":{"line":228,"column":75}},"35":{"start":{"line":229,"column":8},"end":{"line":229,"column":91}},"36":{"start":{"line":230,"column":8},"end":{"line":230,"column":48}},"37":{"start":{"line":231,"column":8},"end":{"line":231,"column":56}},"38":{"start":{"line":232,"column":8},"end":{"line":232,"column":67}},"39":{"start":{"line":233,"column":8},"end":{"line":233,"column":42}},"40":{"start":{"line":238,"column":8},"end":{"line":238,"column":77}},"41":{"start":{"line":239,"column":8},"end":{"line":239,"column":91}},"42":{"start":{"line":240,"column":8},"end":{"line":240,"column":59}},"43":{"start":{"line":241,"column":8},"end":{"line":241,"column":61}},"44":{"start":{"line":242,"column":8},"end":{"line":242,"column":50}},"45":{"start":{"line":247,"column":8},"end":{"line":247,"column":66}},"46":{"start":{"line":248,"column":8},"end":{"line":248,"column":40}},"47":{"start":{"line":249,"column":8},"end":{"line":249,"column":28}},"48":{"start":{"line":250,"column":8},"end":{"line":250,"column":10981}},"49":{"start":{"line":251,"column":12},"end":{"line":251,"column":90}},"50":{"start":{"line":252,"column":12},"end":{"line":252,"column":75}},"51":{"start":{"line":258,"column":8},"end":{"line":258,"column":66}},"52":{"start":{"line":259,"column":8},"end":{"line":259,"column":40}},"53":{"start":{"line":260,"column":8},"end":{"line":260,"column":46}},"54":{"start":{"line":261,"column":8},"end":{"line":261,"column":11580}},"55":{"start":{"line":262,"column":12},"end":{"line":262,"column":90}},"56":{"start":{"line":263,"column":12},"end":{"line":263,"column":74}},"57":{"start":{"line":275,"column":8},"end":{"line":275,"column":48}},"58":{"start":{"line":282,"column":8},"end":{"line":282,"column":47}},"59":{"start":{"line":283,"column":8},"end":{"line":283,"column":69}},"60":{"start":{"line":284,"column":8},"end":{"line":284,"column":69}},"61":{"start":{"line":287,"column":8},"end":{"line":287,"column":108}},"62":{"start":{"line":288,"column":8},"end":{"line":288,"column":12876}},"63":{"start":{"line":290,"column":12},"end":{"line":290,"column":68}},"64":{"start":{"line":293,"column":12},"end":{"line":293,"column":93}},"65":{"start":{"line":295,"column":12},"end":{"line":295,"column":93}},"66":{"start":{"line":326,"column":8},"end":{"line":326,"column":65}},"67":{"start":{"line":336,"column":8},"end":{"line":336,"column":31}},"68":{"start":{"line":338,"column":8},"end":{"line":338,"column":47}},"69":{"start":{"line":339,"column":8},"end":{"line":339,"column":45}},"70":{"start":{"line":341,"column":8},"end":{"line":341,"column":23}},"71":{"start":{"line":342,"column":8},"end":{"line":342,"column":23}},"72":{"start":{"line":344,"column":8},"end":{"line":344,"column":71}},"73":{"start":{"line":345,"column":8},"end":{"line":345,"column":71}},"74":{"start":{"line":347,"column":8},"end":{"line":347,"column":80}},"75":{"start":{"line":349,"column":8},"end":{"line":349,"column":69}},"76":{"start":{"line":350,"column":8},"end":{"line":350,"column":69}},"77":{"start":{"line":352,"column":8},"end":{"line":352,"column":78}},"78":{"start":{"line":357,"column":8},"end":{"line":357,"column":15551}},"79":{"start":{"line":360,"column":8},"end":{"line":360,"column":189}},"80":{"start":{"line":362,"column":8},"end":{"line":362,"column":104}},"81":{"start":{"line":367,"column":8},"end":{"line":367,"column":16183}},"82":{"start":{"line":370,"column":8},"end":{"line":370,"column":186}},"83":{"start":{"line":372,"column":8},"end":{"line":372,"column":103}},"84":{"start":{"line":378,"column":8},"end":{"line":378,"column":28}},"85":{"start":{"line":379,"column":8},"end":{"line":379,"column":27}},"86":{"start":{"line":381,"column":8},"end":{"line":381,"column":132}},"87":{"start":{"line":382,"column":8},"end":{"line":382,"column":127}},"88":{"start":{"line":388,"column":8},"end":{"line":388,"column":34}},"89":{"start":{"line":389,"column":8},"end":{"line":389,"column":34}},"90":{"start":{"line":390,"column":8},"end":{"line":390,"column":34}},"91":{"start":{"line":392,"column":8},"end":{"line":392,"column":28}},"92":{"start":{"line":394,"column":8},"end":{"line":394,"column":111}},"93":{"start":{"line":396,"column":8},"end":{"line":396,"column":27}},"94":{"start":{"line":398,"column":9},"end":{"line":398,"column":110}},"95":{"start":{"line":400,"column":8},"end":{"line":400,"column":63}},"96":{"start":{"line":402,"column":8},"end":{"line":402,"column":23}}},"branchMap":{"1":{"line":106,"type":"if","locations":[{"start":{"line":106,"column":8},"end":{"line":106,"column":8}},{"start":{"line":106,"column":8},"end":{"line":106,"column":8}}]},"2":{"line":113,"type":"if","locations":[{"start":{"line":113,"column":15},"end":{"line":113,"column":15}},{"start":{"line":113,"column":15},"end":{"line":113,"column":15}}]},"3":{"line":150,"type":"if","locations":[{"start":{"line":150,"column":8},"end":{"line":150,"column":8}},{"start":{"line":150,"column":8},"end":{"line":150,"column":8}}]},"4":{"line":158,"type":"if","locations":[{"start":{"line":158,"column":8},"end":{"line":158,"column":8}},{"start":{"line":158,"column":8},"end":{"line":158,"column":8}}]},"5":{"line":165,"type":"if","locations":[{"start":{"line":165,"column":8},"end":{"line":165,"column":8}},{"start":{"line":165,"column":8},"end":{"line":165,"column":8}}]},"6":{"line":181,"type":"if","locations":[{"start":{"line":181,"column":8},"end":{"line":181,"column":8}},{"start":{"line":181,"column":8},"end":{"line":181,"column":8}}]},"7":{"line":196,"type":"if","locations":[{"start":{"line":196,"column":8},"end":{"line":196,"column":8}},{"start":{"line":196,"column":8},"end":{"line":196,"column":8}}]},"8":{"line":198,"type":"if","locations":[{"start":{"line":198,"column":8},"end":{"line":198,"column":8}},{"start":{"line":198,"column":8},"end":{"line":198,"column":8}}]},"9":{"line":221,"type":"if","locations":[{"start":{"line":221,"column":8},"end":{"line":221,"column":8}},{"start":{"line":221,"column":8},"end":{"line":221,"column":8}}]},"10":{"line":222,"type":"if","locations":[{"start":{"line":222,"column":8},"end":{"line":222,"column":8}},{"start":{"line":222,"column":8},"end":{"line":222,"column":8}}]},"11":{"line":228,"type":"if","locations":[{"start":{"line":228,"column":8},"end":{"line":228,"column":8}},{"start":{"line":228,"column":8},"end":{"line":228,"column":8}}]},"12":{"line":229,"type":"if","locations":[{"start":{"line":229,"column":8},"end":{"line":229,"column":8}},{"start":{"line":229,"column":8},"end":{"line":229,"column":8}}]},"13":{"line":238,"type":"if","locations":[{"start":{"line":238,"column":8},"end":{"line":238,"column":8}},{"start":{"line":238,"column":8},"end":{"line":238,"column":8}}]},"14":{"line":239,"type":"if","locations":[{"start":{"line":239,"column":8},"end":{"line":239,"column":8}},{"start":{"line":239,"column":8},"end":{"line":239,"column":8}}]},"15":{"line":247,"type":"if","locations":[{"start":{"line":247,"column":8},"end":{"line":247,"column":8}},{"start":{"line":247,"column":8},"end":{"line":247,"column":8}}]},"16":{"line":258,"type":"if","locations":[{"start":{"line":258,"column":8},"end":{"line":258,"column":8}},{"start":{"line":258,"column":8},"end":{"line":258,"column":8}}]},"17":{"line":288,"type":"if","locations":[{"start":{"line":288,"column":8},"end":{"line":288,"column":8}},{"start":{"line":288,"column":8},"end":{"line":288,"column":8}}]},"18":{"line":326,"type":"if","locations":[{"start":{"line":326,"column":8},"end":{"line":326,"column":8}},{"start":{"line":326,"column":8},"end":{"line":326,"column":8}}]}}},
"contracts/Master.sol":{"l":{"105":9,"107":9,"108":9,"109":9,"110":9,"112":9,"121":0,"122":0,"126":2,"135":4,"139":0,"149":4,"150":4,"152":2,"154":2,"156":2,"158":2,"160":2,"162":2,"163":0,"164":0,"165":0,"167":0,"168":0,"169":0,"174":2,"176":2,"189":2,"190":2,"192":2,"193":0,"196":2,"199":2,"200":2,"202":0,"205":2,"206":0,"209":2,"222":2,"223":0,"227":2,"228":2,"244":2,"247":2,"259":4,"271":0,"286":0,"288":0,"289":0,"292":0,"303":0,"304":0,"315":0,"328":0,"329":0,"347":0},"path":"/home/osboxes/Desktop/ditto-contracts/contracts/Master.sol","s":{"1":9,"2":9,"3":9,"4":9,"5":9,"6":9,"7":0,"8":0,"9":2,"10":4,"11":0,"12":4,"13":4,"14":2,"15":2,"16":2,"17":2,"18":2,"19":2,"20":0,"21":0,"22":0,"23":0,"24":0,"25":0,"26":2,"27":2,"28":2,"29":2,"30":2,"31":0,"32":2,"33":2,"34":2,"35":0,"36":2,"37":0,"38":2,"39":2,"40":0,"41":2,"42":2,"43":2,"44":2,"45":4,"46":0,"47":0,"48":0,"49":0,"50":0,"51":0,"52":0,"53":0,"54":0},"b":{"1":[0,0],"2":[4,0],"3":[2,2],"4":[0,0],"5":[0,0],"6":[0,2],"7":[2,0],"8":[0,2],"9":[0,2],"10":[0,0],"11":[0,0],"12":[0,0]},"f":{"1":9,"2":0,"3":2,"4":4,"5":0,"6":4,"7":2,"8":2,"9":2,"10":4,"11":0,"12":0,"13":0,"14":0,"15":0},"fnMap":{"1":{"name":"constructor","line":104,"loc":{"start":{"line":104,"column":4},"end":{"line":113,"column":4}}},"2":{"name":"renounceOwnership","line":120,"loc":{"start":{"line":120,"column":4},"end":{"line":123,"column":4}}},"3":{"name":"setRebaseLocked","line":125,"loc":{"start":{"line":125,"column":4},"end":{"line":127,"column":4}}},"4":{"name":"canRebase","line":134,"loc":{"start":{"line":134,"column":4},"end":{"line":136,"column":4}}},"5":{"name":"cooldownExpiryTimestamp","line":138,"loc":{"start":{"line":138,"column":4},"end":{"line":140,"column":4}}},"6":{"name":"rebase","line":147,"loc":{"start":{"line":147,"column":4},"end":{"line":177,"column":4}}},"7":{"name":"getRebaseValues","line":187,"loc":{"start":{"line":187,"column":4},"end":{"line":210,"column":4}}},"8":{"name":"computeSupplyDelta","line":217,"loc":{"start":{"line":217,"column":4},"end":{"line":231,"column":4}}},"9":{"name":"withinDeviationThreshold","line":239,"loc":{"start":{"line":239,"column":4},"end":{"line":249,"column":4}}},"10":{"name":"setMarketOracle","line":257,"loc":{"start":{"line":255,"column":4},"end":{"line":260,"column":4}}},"11":{"name":"addTransaction","line":269,"loc":{"start":{"line":267,"column":4},"end":{"line":276,"column":4}}},"12":{"name":"removeTransaction","line":284,"loc":{"start":{"line":282,"column":4},"end":{"line":293,"column":4}}},"13":{"name":"setTransactionEnabled","line":301,"loc":{"start":{"line":299,"column":4},"end":{"line":305,"column":4}}},"14":{"name":"transactionsSize","line":310,"loc":{"start":{"line":310,"column":4},"end":{"line":316,"column":4}}},"15":{"name":"externalCall","line":324,"loc":{"start":{"line":324,"column":4},"end":{"line":348,"column":4}}}},"statementMap":{"1":{"start":{"line":105,"column":8},"end":{"line":105,"column":50}},"2":{"start":{"line":107,"column":8},"end":{"line":107,"column":31}},"3":{"start":{"line":108,"column":8},"end":{"line":108,"column":33}},"4":{"start":{"line":109,"column":8},"end":{"line":109,"column":16}},"5":{"start":{"line":110,"column":8},"end":{"line":110,"column":26}},"6":{"start":{"line":112,"column":8},"end":{"line":112,"column":29}},"7":{"start":{"line":121,"column":8},"end":{"line":121,"column":78}},"8":{"start":{"line":122,"column":8},"end":{"line":122,"column":32}},"9":{"start":{"line":126,"column":8},"end":{"line":126,"column":29}},"10":{"start":{"line":135,"column":8},"end":{"line":135,"column":97}},"11":{"start":{"line":139,"column":8},"end":{"line":139,"column":57}},"12":{"start":{"line":149,"column":8},"end":{"line":149,"column":39}},"13":{"start":{"line":150,"column":8},"end":{"line":150,"column":49}},"14":{"start":{"line":152,"column":8},"end":{"line":152,"column":35}},"15":{"start":{"line":154,"column":8},"end":{"line":154,"column":27}},"16":{"start":{"line":156,"column":8},"end":{"line":156,"column":90}},"17":{"start":{"line":158,"column":8},"end":{"line":158,"column":68}},"18":{"start":{"line":160,"column":8},"end":{"line":160,"column":46}},"19":{"start":{"line":162,"column":8},"end":{"line":162,"column":5581}},"20":{"start":{"line":163,"column":12},"end":{"line":163,"column":51}},"21":{"start":{"line":164,"column":12},"end":{"line":164,"column":5699}},"22":{"start":{"line":165,"column":16},"end":{"line":165,"column":5775}},"23":{"start":{"line":167,"column":16},"end":{"line":167,"column":5823}},"24":{"start":{"line":168,"column":20},"end":{"line":168,"column":68}},"25":{"start":{"line":169,"column":20},"end":{"line":169,"column":47}},"26":{"start":{"line":174,"column":8},"end":{"line":174,"column":28}},"27":{"start":{"line":176,"column":8},"end":{"line":176,"column":61}},"28":{"start":{"line":189,"column":8},"end":{"line":189,"column":43}},"29":{"start":{"line":190,"column":8},"end":{"line":190,"column":53}},"30":{"start":{"line":192,"column":8},"end":{"line":192,"column":6624}},"31":{"start":{"line":193,"column":12},"end":{"line":193,"column":34}},"32":{"start":{"line":196,"column":8},"end":{"line":196,"column":73}},"33":{"start":{"line":199,"column":8},"end":{"line":199,"column":6826}},"34":{"start":{"line":200,"column":12},"end":{"line":200,"column":43}},"35":{"start":{"line":202,"column":12},"end":{"line":202,"column":43}},"36":{"start":{"line":205,"column":8},"end":{"line":205,"column":6996}},"37":{"start":{"line":206,"column":12},"end":{"line":206,"column":77}},"38":{"start":{"line":209,"column":8},"end":{"line":209,"column":54}},"39":{"start":{"line":222,"column":8},"end":{"line":222,"column":7507}},"40":{"start":{"line":223,"column":12},"end":{"line":223,"column":20}},"41":{"start":{"line":227,"column":8},"end":{"line":227,"column":59}},"42":{"start":{"line":228,"column":8},"end":{"line":228,"column":7757}},"43":{"start":{"line":244,"column":8},"end":{"line":244,"column":8358}},"44":{"start":{"line":247,"column":8},"end":{"line":247,"column":8528}},"45":{"start":{"line":259,"column":8},"end":{"line":259,"column":35}},"46":{"start":{"line":271,"column":8},"end":{"line":271,"column":9242}},"47":{"start":{"line":286,"column":8},"end":{"line":286,"column":66}},"48":{"start":{"line":288,"column":8},"end":{"line":288,"column":9682}},"49":{"start":{"line":289,"column":12},"end":{"line":289,"column":70}},"50":{"start":{"line":303,"column":8},"end":{"line":303,"column":87}},"51":{"start":{"line":304,"column":8},"end":{"line":304,"column":44}},"52":{"start":{"line":315,"column":8},"end":{"line":315,"column":34}},"53":{"start":{"line":328,"column":8},"end":{"line":328,"column":19}},"54":{"start":{"line":347,"column":8},"end":{"line":347,"column":21}}},"branchMap":{"1":{"line":121,"type":"if","locations":[{"start":{"line":121,"column":8},"end":{"line":121,"column":8}},{"start":{"line":121,"column":8},"end":{"line":121,"column":8}}]},"2":{"line":149,"type":"if","locations":[{"start":{"line":149,"column":8},"end":{"line":149,"column":8}},{"start":{"line":149,"column":8},"end":{"line":149,"column":8}}]},"3":{"line":150,"type":"if","locations":[{"start":{"line":150,"column":8},"end":{"line":150,"column":8}},{"start":{"line":150,"column":8},"end":{"line":150,"column":8}}]},"4":{"line":164,"type":"if","locations":[{"start":{"line":164,"column":12},"end":{"line":164,"column":12}},{"start":{"line":164,"column":12},"end":{"line":164,"column":12}}]},"5":{"line":167,"type":"if","locations":[{"start":{"line":167,"column":16},"end":{"line":167,"column":16}},{"start":{"line":167,"column":16},"end":{"line":167,"column":16}}]},"6":{"line":192,"type":"if","locations":[{"start":{"line":192,"column":8},"end":{"line":192,"column":8}},{"start":{"line":192,"column":8},"end":{"line":192,"column":8}}]},"7":{"line":199,"type":"if","locations":[{"start":{"line":199,"column":8},"end":{"line":199,"column":8}},{"start":{"line":199,"column":8},"end":{"line":199,"column":8}}]},"8":{"line":205,"type":"if","locations":[{"start":{"line":205,"column":8},"end":{"line":205,"column":8}},{"start":{"line":205,"column":8},"end":{"line":205,"column":8}}]},"9":{"line":222,"type":"if","locations":[{"start":{"line":222,"column":8},"end":{"line":222,"column":8}},{"start":{"line":222,"column":8},"end":{"line":222,"column":8}}]},"10":{"line":286,"type":"if","locations":[{"start":{"line":286,"column":8},"end":{"line":286,"column":8}},{"start":{"line":286,"column":8},"end":{"line":286,"column":8}}]},"11":{"line":288,"type":"if","locations":[{"start":{"line":288,"column":8},"end":{"line":288,"column":8}},{"start":{"line":288,"column":8},"end":{"line":288,"column":8}}]},"12":{"line":303,"type":"if","locations":[{"start":{"line":303,"column":8},"end":{"line":303,"column":8}},{"start":{"line":303,"column":8},"end":{"line":303,"column":8}}]}}},
"contracts/mocks/IERC20.sol":{"l":{"48":13,"49":13,"50":13,"57":1,"65":1,"81":1},"path":"/home/osboxes/Desktop/ditto-contracts/contracts/mocks/IERC20.sol","s":{"1":13,"2":13,"3":13,"4":1,"5":1,"6":1},"b":{},"f":{"1":13,"2":1,"3":1,"4":1},"fnMap":{"1":{"name":"constructor","line":47,"loc":{"start":{"line":47,"column":4},"end":{"line":51,"column":4}}},"2":{"name":"name","line":56,"loc":{"start":{"line":56,"column":4},"end":{"line":58,"column":4}}},"3":{"name":"symbol","line":64,"loc":{"start":{"line":64,"column":4},"end":{"line":66,"column":4}}},"4":{"name":"decimals","line":80,"loc":{"start":{"line":80,"column":4},"end":{"line":82,"column":4}}}},"statementMap":{"1":{"start":{"line":48,"column":8},"end":{"line":48,"column":19}},"2":{"start":{"line":49,"column":8},"end":{"line":49,"column":23}},"3":{"start":{"line":50,"column":8},"end":{"line":50,"column":27}},"4":{"start":{"line":57,"column":8},"end":{"line":57,"column":20}},"5":{"start":{"line":65,"column":8},"end":{"line":65,"column":22}},"6":{"start":{"line":81,"column":8},"end":{"line":81,"column":24}}},"branchMap":{}},
"contracts/mocks/IOracle.sol":{"l":{},"path":"/home/osboxes/Desktop/ditto-contracts/contracts/mocks/IOracle.sol","s":{},"b":{},"f":{},"fnMap":{},"statementMap":{},"branchMap":{}},
"contracts/mocks/Ownable.sol":{"l":{"25":32,"32":0,"39":16,"40":16,"47":21,"57":0,"58":0,"66":0,"74":0,"75":0,"76":0},"path":"/home/osboxes/Desktop/ditto-contracts/contracts/mocks/Ownable.sol","s":{"1":32,"2":0,"3":16,"4":21,"5":0,"6":0,"7":0,"8":0,"9":0,"10":0},"b":{"1":[16,0],"2":[0,0]},"f":{"1":32,"2":0,"3":16,"4":21,"5":0,"6":0,"7":0},"fnMap":{"1":{"name":"constructor","line":24,"loc":{"start":{"line":24,"column":2},"end":{"line":26,"column":2}}},"2":{"name":"owner","line":31,"loc":{"start":{"line":31,"column":2},"end":{"line":33,"column":2}}},"3":{"name":"onlyOwner","line":38,"loc":{"start":{"line":38,"column":2},"end":{"line":41,"column":2}}},"4":{"name":"isOwner","line":46,"loc":{"start":{"line":46,"column":2},"end":{"line":48,"column":2}}},"5":{"name":"renounceOwnership","line":56,"loc":{"start":{"line":56,"column":2},"end":{"line":59,"column":2}}},"6":{"name":"transferOwnership","line":65,"loc":{"start":{"line":65,"column":2},"end":{"line":67,"column":2}}},"7":{"name":"_transferOwnership","line":73,"loc":{"start":{"line":73,"column":2},"end":{"line":77,"column":2}}}},"statementMap":{"1":{"start":{"line":25,"column":4},"end":{"line":25,"column":22}},"2":{"start":{"line":32,"column":4},"end":{"line":32,"column":17}},"3":{"start":{"line":39,"column":4},"end":{"line":39,"column":21}},"4":{"start":{"line":47,"column":4},"end":{"line":47,"column":31}},"5":{"start":{"line":57,"column":4},"end":{"line":57,"column":35}},"6":{"start":{"line":58,"column":4},"end":{"line":58,"column":22}},"7":{"start":{"line":66,"column":4},"end":{"line":66,"column":31}},"8":{"start":{"line":74,"column":4},"end":{"line":74,"column":34}},"9":{"start":{"line":75,"column":4},"end":{"line":75,"column":47}},"10":{"start":{"line":76,"column":4},"end":{"line":76,"column":20}}},"branchMap":{"1":{"line":39,"type":"if","locations":[{"start":{"line":39,"column":4},"end":{"line":39,"column":4}},{"start":{"line":39,"column":4},"end":{"line":39,"column":4}}]},"2":{"line":74,"type":"if","locations":[{"start":{"line":74,"column":4},"end":{"line":74,"column":4}},{"start":{"line":74,"column":4},"end":{"line":74,"column":4}}]}}},
"contracts/SimpleOracle.sol":{"l":{"35":6,"39":3},"path":"/home/osboxes/Desktop/ditto-contracts/contracts/SimpleOracle.sol","s":{"1":6,"2":3},"b":{},"f":{"1":6,"2":3,"3":2},"fnMap":{"1":{"name":"setData","line":34,"loc":{"start":{"line":34,"column":4},"end":{"line":36,"column":4}}},"2":{"name":"getData","line":38,"loc":{"start":{"line":38,"column":4},"end":{"line":40,"column":4}}},"3":{"name":"update","line":42,"loc":{"start":{"line":42,"column":4},"end":{"line":44,"column":4}}}},"statementMap":{"1":{"start":{"line":35,"column":8},"end":{"line":35,"column":21}},"2":{"start":{"line":39,"column":8},"end":{"line":39,"column":22}}},"branchMap":{}},
"contracts/staking/DittoStaking.sol":{"l":{"108":0,"111":0,"112":0,"114":0,"115":0,"116":0,"117":0,"118":0,"119":0,"120":0,"127":0,"134":0,"135":0,"144":0,"154":0,"164":0,"165":0,"166":0,"169":0,"172":0,"174":0,"177":0,"178":0,"179":0,"181":0,"182":0,"185":0,"190":0,"193":0,"203":0,"211":0,"221":0,"224":0,"225":0,"227":0,"228":0,"231":0,"232":0,"235":0,"236":0,"237":0,"238":0,"239":0,"240":0,"241":0,"242":0,"244":0,"245":0,"246":0,"247":0,"248":0,"251":0,"252":0,"253":0,"254":0,"255":0,"258":0,"259":0,"264":0,"265":0,"270":0,"272":0,"275":0,"276":0,"278":0,"280":0,"301":0,"306":0,"307":0,"310":0,"311":0,"316":0,"324":0,"332":0,"341":0,"357":0,"360":0,"364":0,"365":0,"368":0,"369":0,"373":0,"376":0,"378":0,"382":0,"396":0,"403":0,"410":0,"421":0,"425":0,"427":0,"428":0,"432":0,"433":0,"434":0,"435":0,"436":0,"437":0,"439":0,"441":0,"443":0,"452":0,"453":0,"455":0,"456":0,"458":0,"459":0,"460":0,"462":0,"463":0,"466":0,"467":0,"469":0,"472":0,"483":0,"485":0,"486":0,"489":0,"491":0,"492":0,"493":0,"495":0,"498":0,"501":0,"502":0,"515":0},"path":"/home/osboxes/Desktop/ditto-contracts/contracts/staking/DittoStaking.sol","s":{"1":0,"2":0,"3":0,"4":0,"5":0,"6":0,"7":0,"8":0,"9":0,"10":0,"11":0,"12":0,"13":0,"14":0,"15":0,"16":0,"17":0,"18":0,"19":0,"20":0,"21":0,"22":0,"23":0,"24":0,"25":0,"26":0,"27":0,"28":0,"29":0,"30":0,"31":0,"32":0,"33":0,"34":0,"35":0,"36":0,"37":0,"38":0,"39":0,"40":0,"41":0,"42":0,"43":0,"44":0,"45":0,"46":0,"47":0,"48":0,"49":0,"50":0,"51":0,"52":0,"53":0,"54":0,"55":0,"56":0,"57":0,"58":0,"59":0,"60":0,"61":0,"62":0,"63":0,"64":0,"65":0,"66":0,"67":0,"68":0,"69":0,"70":0,"71":0,"72":0,"73":0,"74":0,"75":0,"76":0,"77":0,"78":0,"79":0,"80":0,"81":0,"82":0,"83":0,"84":0,"85":0,"86":0,"87":0,"88":0,"89":0,"90":0,"91":0,"92":0,"93":0,"94":0,"95":0,"96":0,"97":0,"98":0,"99":0,"100":0,"101":0,"102":0,"103":0,"104":0,"105":0,"106":0,"107":0,"108":0,"109":0,"110":0,"111":0,"112":0,"113":0,"114":0,"115":0,"116":0,"117":0,"118":0,"119":0,"120":0,"121":0,"122":0,"123":0,"124":0,"125":0},"b":{"1":[0,0],"2":[0,0],"3":[0,0],"4":[0,0],"5":[0,0],"6":[0,0],"7":[0,0],"8":[0,0],"9":[0,0],"10":[0,0],"11":[0,0],"12":[0,0],"13":[0,0],"14":[0,0],"15":[0,0],"16":[0,0],"17":[0,0],"18":[0,0],"19":[0,0],"20":[0,0],"21":[0,0],"22":[0,0],"23":[0,0]},"f":{"1":0,"2":0,"3":0,"4":0,"5":0,"6":0,"7":0,"8":0,"9":0,"10":0,"11":0,"12":0,"13":0,"14":0,"15":0,"16":0,"17":0,"18":0,"19":0,"20":0,"21":0},"fnMap":{"1":{"name":"constructor","line":105,"loc":{"start":{"line":105,"column":4},"end":{"line":121,"column":4}}},"2":{"name":"getStakingToken","line":126,"loc":{"start":{"line":126,"column":4},"end":{"line":128,"column":4}}},"3":{"name":"getDistributionToken","line":133,"loc":{"start":{"line":133,"column":4},"end":{"line":136,"column":4}}},"4":{"name":"stake","line":143,"loc":{"start":{"line":143,"column":4},"end":{"line":145,"column":4}}},"5":{"name":"stakeFor","line":153,"loc":{"start":{"line":153,"column":4},"end":{"line":155,"column":4}}},"6":{"name":"_stakeFor","line":163,"loc":{"start":{"line":163,"column":4},"end":{"line":194,"column":4}}},"7":{"name":"unstake","line":202,"loc":{"start":{"line":202,"column":4},"end":{"line":204,"column":4}}},"8":{"name":"unstakeQuery","line":210,"loc":{"start":{"line":210,"column":4},"end":{"line":212,"column":4}}},"9":{"name":"_unstake","line":220,"loc":{"start":{"line":220,"column":4},"end":{"line":281,"column":4}}},"10":{"name":"computeNewReward","line":297,"loc":{"start":{"line":297,"column":4},"end":{"line":317,"column":4}}},"11":{"name":"totalStakedFor","line":323,"loc":{"start":{"line":323,"column":4},"end":{"line":326,"column":4}}},"12":{"name":"totalStaked","line":331,"loc":{"start":{"line":331,"column":4},"end":{"line":333,"column":4}}},"13":{"name":"token","line":340,"loc":{"start":{"line":340,"column":4},"end":{"line":342,"column":4}}},"14":{"name":"updateAccounting","line":354,"loc":{"start":{"line":354,"column":4},"end":{"line":390,"column":4}}},"15":{"name":"totalLocked","line":395,"loc":{"start":{"line":395,"column":4},"end":{"line":397,"column":4}}},"16":{"name":"totalUnlocked","line":402,"loc":{"start":{"line":402,"column":4},"end":{"line":404,"column":4}}},"17":{"name":"unlockScheduleCount","line":409,"loc":{"start":{"line":409,"column":4},"end":{"line":411,"column":4}}},"18":{"name":"lockTokens","line":420,"loc":{"start":{"line":420,"column":4},"end":{"line":444,"column":4}}},"19":{"name":"unlockTokens","line":451,"loc":{"start":{"line":451,"column":4},"end":{"line":473,"column":4}}},"20":{"name":"unlockScheduleShares","line":482,"loc":{"start":{"line":482,"column":4},"end":{"line":503,"column":4}}},"21":{"name":"rescueFundsFromStakingPool","line":513,"loc":{"start":{"line":512,"column":4},"end":{"line":516,"column":4}}}},"statementMap":{"1":{"start":{"line":108,"column":8},"end":{"line":108,"column":87}},"2":{"start":{"line":111,"column":8},"end":{"line":111,"column":74}},"3":{"start":{"line":112,"column":8},"end":{"line":112,"column":88}},"4":{"start":{"line":114,"column":8},"end":{"line":114,"column":49}},"5":{"start":{"line":115,"column":8},"end":{"line":115,"column":55}},"6":{"start":{"line":116,"column":8},"end":{"line":116,"column":53}},"7":{"start":{"line":117,"column":8},"end":{"line":117,"column":31}},"8":{"start":{"line":118,"column":8},"end":{"line":118,"column":39}},"9":{"start":{"line":119,"column":8},"end":{"line":119,"column":47}},"10":{"start":{"line":120,"column":8},"end":{"line":120,"column":53}},"11":{"start":{"line":127,"column":8},"end":{"line":127,"column":35}},"12":{"start":{"line":134,"column":8},"end":{"line":134,"column":59}},"13":{"start":{"line":135,"column":8},"end":{"line":135,"column":36}},"14":{"start":{"line":144,"column":8},"end":{"line":144,"column":48}},"15":{"start":{"line":154,"column":8},"end":{"line":154,"column":42}},"16":{"start":{"line":164,"column":8},"end":{"line":164,"column":64}},"17":{"start":{"line":165,"column":8},"end":{"line":165,"column":86}},"18":{"start":{"line":166,"column":8},"end":{"line":166,"column":6652}},"19":{"start":{"line":169,"column":8},"end":{"line":169,"column":6766}},"20":{"start":{"line":172,"column":8},"end":{"line":172,"column":82}},"21":{"start":{"line":174,"column":8},"end":{"line":174,"column":25}},"22":{"start":{"line":177,"column":8},"end":{"line":177,"column":60}},"23":{"start":{"line":178,"column":8},"end":{"line":178,"column":75}},"24":{"start":{"line":179,"column":8},"end":{"line":179,"column":46}},"25":{"start":{"line":181,"column":8},"end":{"line":181,"column":63}},"26":{"start":{"line":182,"column":8},"end":{"line":182,"column":46}},"27":{"start":{"line":185,"column":8},"end":{"line":185,"column":71}},"28":{"start":{"line":190,"column":8},"end":{"line":190,"column":7628}},"29":{"start":{"line":193,"column":8},"end":{"line":193,"column":73}},"30":{"start":{"line":203,"column":8},"end":{"line":203,"column":23}},"31":{"start":{"line":211,"column":8},"end":{"line":211,"column":31}},"32":{"start":{"line":221,"column":8},"end":{"line":221,"column":25}},"33":{"start":{"line":224,"column":8},"end":{"line":224,"column":66}},"34":{"start":{"line":225,"column":8},"end":{"line":225,"column":8983}},"35":{"start":{"line":227,"column":8},"end":{"line":227,"column":87}},"36":{"start":{"line":228,"column":8},"end":{"line":228,"column":92}},"37":{"start":{"line":231,"column":8},"end":{"line":231,"column":59}},"38":{"start":{"line":232,"column":8},"end":{"line":232,"column":63}},"39":{"start":{"line":235,"column":8},"end":{"line":235,"column":45}},"40":{"start":{"line":236,"column":8},"end":{"line":236,"column":54}},"41":{"start":{"line":237,"column":8},"end":{"line":237,"column":32}},"42":{"start":{"line":238,"column":8},"end":{"line":238,"column":9594}},"43":{"start":{"line":239,"column":12},"end":{"line":239,"column":77}},"44":{"start":{"line":240,"column":12},"end":{"line":240,"column":66}},"45":{"start":{"line":241,"column":12},"end":{"line":241,"column":52}},"46":{"start":{"line":242,"column":12},"end":{"line":242,"column":9842}},"47":{"start":{"line":244,"column":16},"end":{"line":244,"column":87}},"48":{"start":{"line":245,"column":16},"end":{"line":245,"column":104}},"49":{"start":{"line":246,"column":16},"end":{"line":246,"column":102}},"50":{"start":{"line":247,"column":16},"end":{"line":247,"column":79}},"51":{"start":{"line":251,"column":16},"end":{"line":251,"column":80}},"52":{"start":{"line":252,"column":16},"end":{"line":252,"column":104}},"53":{"start":{"line":253,"column":16},"end":{"line":253,"column":102}},"54":{"start":{"line":254,"column":16},"end":{"line":254,"column":86}},"55":{"start":{"line":255,"column":16},"end":{"line":255,"column":35}},"56":{"start":{"line":258,"column":8},"end":{"line":258,"column":93}},"57":{"start":{"line":259,"column":8},"end":{"line":259,"column":75}},"58":{"start":{"line":264,"column":8},"end":{"line":264,"column":91}},"59":{"start":{"line":265,"column":8},"end":{"line":265,"column":71}},"60":{"start":{"line":270,"column":8},"end":{"line":270,"column":11521}},"61":{"start":{"line":272,"column":8},"end":{"line":272,"column":11647}},"62":{"start":{"line":275,"column":8},"end":{"line":275,"column":73}},"63":{"start":{"line":276,"column":8},"end":{"line":276,"column":52}},"64":{"start":{"line":278,"column":8},"end":{"line":278,"column":11942}},"65":{"start":{"line":280,"column":8},"end":{"line":280,"column":27}},"66":{"start":{"line":301,"column":8},"end":{"line":301,"column":13248}},"67":{"start":{"line":306,"column":8},"end":{"line":306,"column":13359}},"68":{"start":{"line":307,"column":12},"end":{"line":307,"column":59}},"69":{"start":{"line":310,"column":8},"end":{"line":310,"column":50}},"70":{"start":{"line":311,"column":8},"end":{"line":311,"column":13552}},"71":{"start":{"line":316,"column":8},"end":{"line":316,"column":53}},"72":{"start":{"line":324,"column":8},"end":{"line":324,"column":14099}},"73":{"start":{"line":332,"column":8},"end":{"line":332,"column":37}},"74":{"start":{"line":341,"column":8},"end":{"line":341,"column":41}},"75":{"start":{"line":357,"column":8},"end":{"line":357,"column":21}},"76":{"start":{"line":360,"column":8},"end":{"line":360,"column":15370}},"77":{"start":{"line":364,"column":8},"end":{"line":364,"column":88}},"78":{"start":{"line":365,"column":8},"end":{"line":365,"column":40}},"79":{"start":{"line":368,"column":8},"end":{"line":368,"column":59}},"80":{"start":{"line":369,"column":8},"end":{"line":369,"column":15736}},"81":{"start":{"line":373,"column":8},"end":{"line":373,"column":15894}},"82":{"start":{"line":376,"column":8},"end":{"line":376,"column":46}},"83":{"start":{"line":378,"column":8},"end":{"line":378,"column":16038}},"84":{"start":{"line":382,"column":8},"end":{"line":382,"column":16210}},"85":{"start":{"line":396,"column":8},"end":{"line":396,"column":36}},"86":{"start":{"line":403,"column":8},"end":{"line":403,"column":38}},"87":{"start":{"line":410,"column":8},"end":{"line":410,"column":37}},"88":{"start":{"line":421,"column":8},"end":{"line":421,"column":17542}},"89":{"start":{"line":425,"column":8},"end":{"line":425,"column":25}},"90":{"start":{"line":427,"column":8},"end":{"line":427,"column":44}},"91":{"start":{"line":428,"column":8},"end":{"line":428,"column":17808}},"92":{"start":{"line":432,"column":8},"end":{"line":432,"column":38}},"93":{"start":{"line":433,"column":8},"end":{"line":433,"column":56}},"94":{"start":{"line":434,"column":8},"end":{"line":434,"column":44}},"95":{"start":{"line":435,"column":8},"end":{"line":435,"column":47}},"96":{"start":{"line":436,"column":8},"end":{"line":436,"column":41}},"97":{"start":{"line":437,"column":8},"end":{"line":437,"column":37}},"98":{"start":{"line":439,"column":8},"end":{"line":439,"column":68}},"99":{"start":{"line":441,"column":8},"end":{"line":441,"column":18342}},"100":{"start":{"line":443,"column":8},"end":{"line":443,"column":61}},"101":{"start":{"line":452,"column":8},"end":{"line":452,"column":34}},"102":{"start":{"line":453,"column":8},"end":{"line":453,"column":44}},"103":{"start":{"line":455,"column":8},"end":{"line":455,"column":18896}},"104":{"start":{"line":456,"column":12},"end":{"line":456,"column":40}},"105":{"start":{"line":458,"column":12},"end":{"line":458,"column":38}},"106":{"start":{"line":459,"column":12},"end":{"line":459,"column":19042}},"107":{"start":{"line":460,"column":16},"end":{"line":460,"column":75}},"108":{"start":{"line":462,"column":12},"end":{"line":462,"column":83}},"109":{"start":{"line":463,"column":12},"end":{"line":463,"column":68}},"110":{"start":{"line":466,"column":8},"end":{"line":466,"column":19361}},"111":{"start":{"line":467,"column":12},"end":{"line":467,"column":19457}},"112":{"start":{"line":469,"column":12},"end":{"line":469,"column":62}},"113":{"start":{"line":472,"column":8},"end":{"line":472,"column":29}},"114":{"start":{"line":483,"column":8},"end":{"line":483,"column":60}},"115":{"start":{"line":485,"column":8},"end":{"line":485,"column":20150}},"116":{"start":{"line":486,"column":12},"end":{"line":486,"column":20}},"117":{"start":{"line":489,"column":8},"end":{"line":489,"column":34}},"118":{"start":{"line":491,"column":8},"end":{"line":491,"column":20363}},"119":{"start":{"line":492,"column":12},"end":{"line":492,"column":87}},"120":{"start":{"line":493,"column":12},"end":{"line":493,"column":62}},"121":{"start":{"line":495,"column":12},"end":{"line":495,"column":20612}},"122":{"start":{"line":498,"column":12},"end":{"line":498,"column":48}},"123":{"start":{"line":501,"column":8},"end":{"line":501,"column":76}},"124":{"start":{"line":502,"column":8},"end":{"line":502,"column":29}},"125":{"start":{"line":515,"column":8},"end":{"line":515,"column":66}}},"branchMap":{"1":{"line":108,"type":"if","locations":[{"start":{"line":108,"column":8},"end":{"line":108,"column":8}},{"start":{"line":108,"column":8},"end":{"line":108,"column":8}}]},"2":{"line":111,"type":"if","locations":[{"start":{"line":111,"column":8},"end":{"line":111,"column":8}},{"start":{"line":111,"column":8},"end":{"line":111,"column":8}}]},"3":{"line":112,"type":"if","locations":[{"start":{"line":112,"column":8},"end":{"line":112,"column":8}},{"start":{"line":112,"column":8},"end":{"line":112,"column":8}}]},"4":{"line":164,"type":"if","locations":[{"start":{"line":164,"column":8},"end":{"line":164,"column":8}},{"start":{"line":164,"column":8},"end":{"line":164,"column":8}}]},"5":{"line":165,"type":"if","locations":[{"start":{"line":165,"column":8},"end":{"line":165,"column":8}},{"start":{"line":165,"column":8},"end":{"line":165,"column":8}}]},"6":{"line":166,"type":"if","locations":[{"start":{"line":166,"column":8},"end":{"line":166,"column":8}},{"start":{"line":166,"column":8},"end":{"line":166,"column":8}}]},"7":{"line":172,"type":"if","locations":[{"start":{"line":172,"column":8},"end":{"line":172,"column":8}},{"start":{"line":172,"column":8},"end":{"line":172,"column":8}}]},"8":{"line":190,"type":"if","locations":[{"start":{"line":190,"column":8},"end":{"line":190,"column":8}},{"start":{"line":190,"column":8},"end":{"line":190,"column":8}}]},"9":{"line":224,"type":"if","locations":[{"start":{"line":224,"column":8},"end":{"line":224,"column":8}},{"start":{"line":224,"column":8},"end":{"line":224,"column":8}}]},"10":{"line":225,"type":"if","locations":[{"start":{"line":225,"column":8},"end":{"line":225,"column":8}},{"start":{"line":225,"column":8},"end":{"line":225,"column":8}}]},"11":{"line":228,"type":"if","locations":[{"start":{"line":228,"column":8},"end":{"line":228,"column":8}},{"start":{"line":228,"column":8},"end":{"line":228,"column":8}}]},"12":{"line":242,"type":"if","locations":[{"start":{"line":242,"column":12},"end":{"line":242,"column":12}},{"start":{"line":242,"column":12},"end":{"line":242,"column":12}}]},"13":{"line":270,"type":"if","locations":[{"start":{"line":270,"column":8},"end":{"line":270,"column":8}},{"start":{"line":270,"column":8},"end":{"line":270,"column":8}}]},"14":{"line":272,"type":"if","locations":[{"start":{"line":272,"column":8},"end":{"line":272,"column":8}},{"start":{"line":272,"column":8},"end":{"line":272,"column":8}}]},"15":{"line":278,"type":"if","locations":[{"start":{"line":278,"column":8},"end":{"line":278,"column":8}},{"start":{"line":278,"column":8},"end":{"line":278,"column":8}}]},"16":{"line":306,"type":"if","locations":[{"start":{"line":306,"column":8},"end":{"line":306,"column":8}},{"start":{"line":306,"column":8},"end":{"line":306,"column":8}}]},"17":{"line":421,"type":"if","locations":[{"start":{"line":421,"column":8},"end":{"line":421,"column":8}},{"start":{"line":421,"column":8},"end":{"line":421,"column":8}}]},"18":{"line":441,"type":"if","locations":[{"start":{"line":441,"column":8},"end":{"line":441,"column":8}},{"start":{"line":441,"column":8},"end":{"line":441,"column":8}}]},"19":{"line":455,"type":"if","locations":[{"start":{"line":455,"column":8},"end":{"line":455,"column":8}},{"start":{"line":455,"column":8},"end":{"line":455,"column":8}}]},"20":{"line":466,"type":"if","locations":[{"start":{"line":466,"column":8},"end":{"line":466,"column":8}},{"start":{"line":466,"column":8},"end":{"line":466,"column":8}}]},"21":{"line":467,"type":"if","locations":[{"start":{"line":467,"column":12},"end":{"line":467,"column":12}},{"start":{"line":467,"column":12},"end":{"line":467,"column":12}}]},"22":{"line":485,"type":"if","locations":[{"start":{"line":485,"column":8},"end":{"line":485,"column":8}},{"start":{"line":485,"column":8},"end":{"line":485,"column":8}}]},"23":{"line":491,"type":"if","locations":[{"start":{"line":491,"column":8},"end":{"line":491,"column":8}},{"start":{"line":491,"column":8},"end":{"line":491,"column":8}}]}}},
"contracts/staking/IStaking.sol":{"l":{"24":0},"path":"/home/osboxes/Desktop/ditto-contracts/contracts/staking/IStaking.sol","s":{"1":0},"b":{},"f":{"1":0},"fnMap":{"1":{"name":"supportsHistory","line":23,"loc":{"start":{"line":23,"column":4},"end":{"line":25,"column":4}}}},"statementMap":{"1":{"start":{"line":24,"column":8},"end":{"line":24,"column":20}}},"branchMap":{}},
"contracts/staking/TokenPool.sol":{"l":{"17":0,"21":0,"25":0,"29":0,"31":0},"path":"/home/osboxes/Desktop/ditto-contracts/contracts/staking/TokenPool.sol","s":{"1":0,"2":0,"3":0,"4":0,"5":0},"b":{"1":[0,0]},"f":{"1":0,"2":0,"3":0,"4":0},"fnMap":{"1":{"name":"constructor","line":16,"loc":{"start":{"line":16,"column":4},"end":{"line":18,"column":4}}},"2":{"name":"balance","line":20,"loc":{"start":{"line":20,"column":4},"end":{"line":22,"column":4}}},"3":{"name":"transfer","line":24,"loc":{"start":{"line":24,"column":4},"end":{"line":26,"column":4}}},"4":{"name":"rescueFunds","line":28,"loc":{"start":{"line":28,"column":4},"end":{"line":32,"column":4}}}},"statementMap":{"1":{"start":{"line":17,"column":8},"end":{"line":17,"column":21}},"2":{"start":{"line":21,"column":8},"end":{"line":21,"column":45}},"3":{"start":{"line":25,"column":8},"end":{"line":25,"column":40}},"4":{"start":{"line":29,"column":8},"end":{"line":29,"column":101}},"5":{"start":{"line":31,"column":8},"end":{"line":31,"column":57}}},"branchMap":{"1":{"line":29,"type":"if","locations":[{"start":{"line":29,"column":8},"end":{"line":29,"column":8}},{"start":{"line":29,"column":8},"end":{"line":29,"column":8}}]}}}}
