TN:
SF:/home/osboxes/Desktop/ditto-contracts/contracts/Ditto.sol
FN:49,onlyMaster
FN:59,initialDistributionLock
FN:64,validRecipient
FN:97,rebase
FN:122,constructor
FN:139,setMaster
FN:149,totalSupply
FN:161,balanceOf
FN:178,transfer
FN:194,allowance
FN:210,transferFrom
FN:236,approve
FN:253,increaseAllowance
FN:270,decreaseAllowance
FN:285,setInitialDistributionFinished
FNF:15
FNH:9
FNDA:2,onlyMaster
FNDA:3,initialDistributionLock
FNDA:3,validRecipient
FNDA:2,rebase
FNDA:13,constructor
FNDA:4,setMaster
FNDA:5,totalSupply
FNDA:2,balanceOf
FNDA:1,transfer
FNDA:0,allowance
FNDA:0,transferFrom
FNDA:0,approve
FNDA:0,increaseAllowance
FNDA:0,decreaseAllowance
FNDA:0,setInitialDistributionFinished
DA:50,2
DA:51,2
DA:60,3
DA:61,1
DA:65,3
DA:66,3
DA:67,3
DA:100,2
DA:101,0
DA:102,0
DA:105,2
DA:106,2
DA:108,0
DA:111,2
DA:112,0
DA:115,2
DA:117,2
DA:118,2
DA:125,13
DA:126,13
DA:127,13
DA:129,13
DA:131,13
DA:142,4
DA:154,5
DA:166,2
DA:181,1
DA:182,1
DA:183,1
DA:184,1
DA:185,1
DA:199,0
DA:213,0
DA:215,0
DA:216,0
DA:217,0
DA:218,0
DA:220,0
DA:239,0
DA:240,0
DA:241,0
DA:256,0
DA:258,0
DA:259,0
DA:273,0
DA:274,0
DA:275,0
DA:277,0
DA:279,0
DA:280,0
DA:287,0
LF:51
LH:27
BRDA:50,1,0,2
BRDA:50,1,1,0
BRDA:60,2,0,1
BRDA:60,2,1,2
BRDA:65,3,0,3
BRDA:65,3,1,0
BRDA:66,4,0,3
BRDA:66,4,1,0
BRDA:100,5,0,0
BRDA:100,5,1,2
BRDA:105,6,0,2
BRDA:105,6,1,0
BRDA:111,7,0,0
BRDA:111,7,1,2
BRDA:274,8,0,0
BRDA:274,8,1,0
BRF:16
BRH:8
end_of_record
TN:
SF:/home/osboxes/Desktop/ditto-contracts/contracts/lib/SafeMath.sol
FN:13,mul
FN:30,div
FN:41,sub
FN:51,add
FN:62,mod
FNF:5
FNH:4
FNDA:3,mul
FNDA:19,div
FNDA:5,sub
FNDA:5,add
FNDA:0,mod
DA:17,3
DA:18,0
DA:21,3
DA:22,3
DA:24,3
DA:31,19
DA:32,19
DA:35,19
DA:42,5
DA:43,5
DA:45,5
DA:52,5
DA:53,5
DA:55,5
DA:63,0
DA:64,0
LF:16
LH:13
BRDA:17,1,0,0
BRDA:17,1,1,3
BRDA:22,2,0,3
BRDA:22,2,1,0
BRDA:31,3,0,19
BRDA:31,3,1,0
BRDA:42,4,0,5
BRDA:42,4,1,0
BRDA:53,5,0,5
BRDA:53,5,1,0
BRDA:63,6,0,0
BRDA:63,6,1,0
BRF:12
BRH:5
end_of_record
TN:
SF:/home/osboxes/Desktop/ditto-contracts/contracts/lib/SafeMathInt.sol
FN:15,mul
FN:31,div
FN:46,sub
FN:59,add
FN:72,abs
FNF:5
FNH:4
FNDA:2,mul
FNDA:4,div
FNDA:2,sub
FNDA:0,add
FNDA:2,abs
DA:20,2
DA:23,2
DA:24,2
DA:25,2
DA:37,4
DA:40,4
DA:51,2
DA:52,2
DA:53,2
DA:64,0
DA:65,0
DA:66,0
DA:77,2
DA:78,2
LF:14
LH:11
BRDA:23,1,0,2
BRDA:23,1,1,0
BRDA:24,2,0,2
BRDA:24,2,1,0
BRDA:37,3,0,4
BRDA:37,3,1,0
BRDA:52,4,0,2
BRDA:52,4,1,0
BRDA:65,5,0,0
BRDA:65,5,1,0
BRDA:77,6,0,2
BRDA:77,6,1,0
BRF:12
BRH:5
end_of_record
TN:
SF:/home/osboxes/Desktop/ditto-contracts/contracts/lib/UInt256Lib.sol
FN:14,toInt256Safe
FNF:1
FNH:1
FNDA:6,toInt256Safe
DA:19,6
DA:20,6
LF:2
LH:2
BRDA:19,1,0,6
BRDA:19,1,1,0
BRF:2
BRH:1
end_of_record
TN:
SF:/home/osboxes/Desktop/ditto-contracts/contracts/MarketOracle.sol
FN:105,sqrt
FN:139,encode
FN:144,encode144
FN:149,div
FN:156,mul
FN:164,fraction
FN:170,decode
FN:175,decode144
FN:180,reciprocal
FN:186,sqrt
FN:195,sortTokens
FN:202,pairFor
FN:213,getReserves
FN:220,quote
FN:227,getAmountOut
FN:237,getAmountIn
FN:246,getAmountsOut
FN:257,getAmountsIn
FN:274,currentBlockTimestamp
FN:279,currentCumulativePrices
FN:325,onlyControllerOrOwner
FN:330,constructor
FN:356,getDittoBnbRate
FN:366,getUsdcBnbRate
FN:376,update
FN:386,getData
FNF:26
FNH:0
FNDA:0,sqrt
FNDA:0,encode
FNDA:0,encode144
FNDA:0,div
FNDA:0,mul
FNDA:0,fraction
FNDA:0,decode
FNDA:0,decode144
FNDA:0,reciprocal
FNDA:0,sqrt
FNDA:0,sortTokens
FNDA:0,pairFor
FNDA:0,getReserves
FNDA:0,quote
FNDA:0,getAmountOut
FNDA:0,getAmountIn
FNDA:0,getAmountsOut
FNDA:0,getAmountsIn
FNDA:0,currentBlockTimestamp
FNDA:0,currentCumulativePrices
FNDA:0,onlyControllerOrOwner
FNDA:0,constructor
FNDA:0,getDittoBnbRate
FNDA:0,getUsdcBnbRate
FNDA:0,update
FNDA:0,getData
DA:106,0
DA:107,0
DA:108,0
DA:109,0
DA:110,0
DA:111,0
DA:114,0
DA:140,0
DA:145,0
DA:150,0
DA:151,0
DA:157,0
DA:158,0
DA:159,0
DA:165,0
DA:166,0
DA:171,0
DA:176,0
DA:181,0
DA:182,0
DA:187,0
DA:196,0
DA:197,0
DA:198,0
DA:203,0
DA:204,0
DA:214,0
DA:215,0
DA:216,0
DA:221,0
DA:222,0
DA:223,0
DA:228,0
DA:229,0
DA:230,0
DA:231,0
DA:232,0
DA:233,0
DA:238,0
DA:239,0
DA:240,0
DA:241,0
DA:242,0
DA:247,0
DA:248,0
DA:249,0
DA:250,0
DA:251,0
DA:252,0
DA:258,0
DA:259,0
DA:260,0
DA:261,0
DA:262,0
DA:263,0
DA:275,0
DA:282,0
DA:283,0
DA:284,0
DA:287,0
DA:288,0
DA:290,0
DA:293,0
DA:295,0
DA:326,0
DA:327,0
DA:336,0
DA:338,0
DA:339,0
DA:341,0
DA:342,0
DA:344,0
DA:345,0
DA:347,0
DA:349,0
DA:350,0
DA:352,0
DA:357,0
DA:360,0
DA:362,0
DA:367,0
DA:370,0
DA:372,0
DA:378,0
DA:379,0
DA:381,0
DA:382,0
DA:388,0
DA:389,0
DA:390,0
DA:392,0
DA:394,0
DA:396,0
DA:398,0
DA:400,0
DA:402,0
LF:96
LH:0
BRDA:106,1,0,0
BRDA:106,1,1,0
BRDA:113,2,0,0
BRDA:113,2,1,0
BRDA:150,3,0,0
BRDA:150,3,1,0
BRDA:158,4,0,0
BRDA:158,4,1,0
BRDA:165,5,0,0
BRDA:165,5,1,0
BRDA:181,6,0,0
BRDA:181,6,1,0
BRDA:196,7,0,0
BRDA:196,7,1,0
BRDA:198,8,0,0
BRDA:198,8,1,0
BRDA:221,9,0,0
BRDA:221,9,1,0
BRDA:222,10,0,0
BRDA:222,10,1,0
BRDA:228,11,0,0
BRDA:228,11,1,0
BRDA:229,12,0,0
BRDA:229,12,1,0
BRDA:238,13,0,0
BRDA:238,13,1,0
BRDA:239,14,0,0
BRDA:239,14,1,0
BRDA:247,15,0,0
BRDA:247,15,1,0
BRDA:258,16,0,0
BRDA:258,16,1,0
BRDA:288,17,0,0
BRDA:288,17,1,0
BRDA:326,18,0,0
BRDA:326,18,1,0
BRF:36
BRH:0
end_of_record
TN:
SF:/home/osboxes/Desktop/ditto-contracts/contracts/Master.sol
FN:104,constructor
FN:120,renounceOwnership
FN:125,setRebaseLocked
FN:134,canRebase
FN:138,cooldownExpiryTimestamp
FN:147,rebase
FN:187,getRebaseValues
FN:217,computeSupplyDelta
FN:239,withinDeviationThreshold
FN:257,setMarketOracle
FN:269,addTransaction
FN:284,removeTransaction
FN:301,setTransactionEnabled
FN:310,transactionsSize
FN:324,externalCall
FNF:15
FNH:8
FNDA:9,constructor
FNDA:0,renounceOwnership
FNDA:2,setRebaseLocked
FNDA:4,canRebase
FNDA:0,cooldownExpiryTimestamp
FNDA:4,rebase
FNDA:2,getRebaseValues
FNDA:2,computeSupplyDelta
FNDA:2,withinDeviationThreshold
FNDA:4,setMarketOracle
FNDA:0,addTransaction
FNDA:0,removeTransaction
FNDA:0,setTransactionEnabled
FNDA:0,transactionsSize
FNDA:0,externalCall
DA:105,9
DA:107,9
DA:108,9
DA:109,9
DA:110,9
DA:112,9
DA:121,0
DA:122,0
DA:126,2
DA:135,4
DA:139,0
DA:149,4
DA:150,4
DA:152,2
DA:154,2
DA:156,2
DA:158,2
DA:160,2
DA:162,2
DA:163,0
DA:164,0
DA:165,0
DA:167,0
DA:168,0
DA:169,0
DA:174,2
DA:176,2
DA:189,2
DA:190,2
DA:192,2
DA:193,0
DA:196,2
DA:199,2
DA:200,2
DA:202,0
DA:205,2
DA:206,0
DA:209,2
DA:222,2
DA:223,0
DA:227,2
DA:228,2
DA:244,2
DA:247,2
DA:259,4
DA:271,0
DA:286,0
DA:288,0
DA:289,0
DA:292,0
DA:303,0
DA:304,0
DA:315,0
DA:328,0
DA:329,0
DA:347,0
LF:56
LH:32
BRDA:121,1,0,0
BRDA:121,1,1,0
BRDA:149,2,0,4
BRDA:149,2,1,0
BRDA:150,3,0,2
BRDA:150,3,1,2
BRDA:164,4,0,0
BRDA:164,4,1,0
BRDA:167,5,0,0
BRDA:167,5,1,0
BRDA:192,6,0,0
BRDA:192,6,1,2
BRDA:199,7,0,2
BRDA:199,7,1,0
BRDA:205,8,0,0
BRDA:205,8,1,2
BRDA:222,9,0,0
BRDA:222,9,1,2
BRDA:286,10,0,0
BRDA:286,10,1,0
BRDA:288,11,0,0
BRDA:288,11,1,0
BRDA:303,12,0,0
BRDA:303,12,1,0
BRF:24
BRH:7
end_of_record
TN:
SF:/home/osboxes/Desktop/ditto-contracts/contracts/mocks/IERC20.sol
FN:47,constructor
FN:56,name
FN:64,symbol
FN:80,decimals
FNF:4
FNH:4
FNDA:13,constructor
FNDA:1,name
FNDA:1,symbol
FNDA:1,decimals
DA:48,13
DA:49,13
DA:50,13
DA:57,1
DA:65,1
DA:81,1
LF:6
LH:6
BRF:0
BRH:0
end_of_record
TN:
SF:/home/osboxes/Desktop/ditto-contracts/contracts/mocks/IOracle.sol
FNF:0
FNH:0
LF:0
LH:0
BRF:0
BRH:0
end_of_record
TN:
SF:/home/osboxes/Desktop/ditto-contracts/contracts/mocks/Ownable.sol
FN:24,constructor
FN:31,owner
FN:38,onlyOwner
FN:46,isOwner
FN:56,renounceOwnership
FN:65,transferOwnership
FN:73,_transferOwnership
FNF:7
FNH:3
FNDA:32,constructor
FNDA:0,owner
FNDA:16,onlyOwner
FNDA:21,isOwner
FNDA:0,renounceOwnership
FNDA:0,transferOwnership
FNDA:0,_transferOwnership
DA:25,32
DA:32,0
DA:39,16
DA:40,16
DA:47,21
DA:57,0
DA:58,0
DA:66,0
DA:74,0
DA:75,0
DA:76,0
LF:11
LH:4
BRDA:39,1,0,16
BRDA:39,1,1,0
BRDA:74,2,0,0
BRDA:74,2,1,0
BRF:4
BRH:1
end_of_record
TN:
SF:/home/osboxes/Desktop/ditto-contracts/contracts/SimpleOracle.sol
FN:34,setData
FN:38,getData
FN:42,update
FNF:3
FNH:3
FNDA:6,setData
FNDA:3,getData
FNDA:2,update
DA:35,6
DA:39,3
LF:2
LH:2
BRF:0
BRH:0
end_of_record
TN:
SF:/home/osboxes/Desktop/ditto-contracts/contracts/staking/DittoStaking.sol
FN:105,constructor
FN:126,getStakingToken
FN:133,getDistributionToken
FN:143,stake
FN:153,stakeFor
FN:163,_stakeFor
FN:202,unstake
FN:210,unstakeQuery
FN:220,_unstake
FN:297,computeNewReward
FN:323,totalStakedFor
FN:331,totalStaked
FN:340,token
FN:354,updateAccounting
FN:395,totalLocked
FN:402,totalUnlocked
FN:409,unlockScheduleCount
FN:420,lockTokens
FN:451,unlockTokens
FN:482,unlockScheduleShares
FN:513,rescueFundsFromStakingPool
FNF:21
FNH:0
FNDA:0,constructor
FNDA:0,getStakingToken
FNDA:0,getDistributionToken
FNDA:0,stake
FNDA:0,stakeFor
FNDA:0,_stakeFor
FNDA:0,unstake
FNDA:0,unstakeQuery
FNDA:0,_unstake
FNDA:0,computeNewReward
FNDA:0,totalStakedFor
FNDA:0,totalStaked
FNDA:0,token
FNDA:0,updateAccounting
FNDA:0,totalLocked
FNDA:0,totalUnlocked
FNDA:0,unlockScheduleCount
FNDA:0,lockTokens
FNDA:0,unlockTokens
FNDA:0,unlockScheduleShares
FNDA:0,rescueFundsFromStakingPool
DA:108,0
DA:111,0
DA:112,0
DA:114,0
DA:115,0
DA:116,0
DA:117,0
DA:118,0
DA:119,0
DA:120,0
DA:127,0
DA:134,0
DA:135,0
DA:144,0
DA:154,0
DA:164,0
DA:165,0
DA:166,0
DA:169,0
DA:172,0
DA:174,0
DA:177,0
DA:178,0
DA:179,0
DA:181,0
DA:182,0
DA:185,0
DA:190,0
DA:193,0
DA:203,0
DA:211,0
DA:221,0
DA:224,0
DA:225,0
DA:227,0
DA:228,0
DA:231,0
DA:232,0
DA:235,0
DA:236,0
DA:237,0
DA:238,0
DA:239,0
DA:240,0
DA:241,0
DA:242,0
DA:244,0
DA:245,0
DA:246,0
DA:247,0
DA:248,0
DA:251,0
DA:252,0
DA:253,0
DA:254,0
DA:255,0
DA:258,0
DA:259,0
DA:264,0
DA:265,0
DA:270,0
DA:272,0
DA:275,0
DA:276,0
DA:278,0
DA:280,0
DA:301,0
DA:306,0
DA:307,0
DA:310,0
DA:311,0
DA:316,0
DA:324,0
DA:332,0
DA:341,0
DA:357,0
DA:360,0
DA:364,0
DA:365,0
DA:368,0
DA:369,0
DA:373,0
DA:376,0
DA:378,0
DA:382,0
DA:396,0
DA:403,0
DA:410,0
DA:421,0
DA:425,0
DA:427,0
DA:428,0
DA:432,0
DA:433,0
DA:434,0
DA:435,0
DA:436,0
DA:437,0
DA:439,0
DA:441,0
DA:443,0
DA:452,0
DA:453,0
DA:455,0
DA:456,0
DA:458,0
DA:459,0
DA:460,0
DA:462,0
DA:463,0
DA:466,0
DA:467,0
DA:469,0
DA:472,0
DA:483,0
DA:485,0
DA:486,0
DA:489,0
DA:491,0
DA:492,0
DA:493,0
DA:495,0
DA:498,0
DA:501,0
DA:502,0
DA:515,0
LF:126
LH:0
BRDA:108,1,0,0
BRDA:108,1,1,0
BRDA:111,2,0,0
BRDA:111,2,1,0
BRDA:112,3,0,0
BRDA:112,3,1,0
BRDA:164,4,0,0
BRDA:164,4,1,0
BRDA:165,5,0,0
BRDA:165,5,1,0
BRDA:166,6,0,0
BRDA:166,6,1,0
BRDA:172,7,0,0
BRDA:172,7,1,0
BRDA:190,8,0,0
BRDA:190,8,1,0
BRDA:224,9,0,0
BRDA:224,9,1,0
BRDA:225,10,0,0
BRDA:225,10,1,0
BRDA:228,11,0,0
BRDA:228,11,1,0
BRDA:242,12,0,0
BRDA:242,12,1,0
BRDA:270,13,0,0
BRDA:270,13,1,0
BRDA:272,14,0,0
BRDA:272,14,1,0
BRDA:278,15,0,0
BRDA:278,15,1,0
BRDA:306,16,0,0
BRDA:306,16,1,0
BRDA:421,17,0,0
BRDA:421,17,1,0
BRDA:441,18,0,0
BRDA:441,18,1,0
BRDA:455,19,0,0
BRDA:455,19,1,0
BRDA:466,20,0,0
BRDA:466,20,1,0
BRDA:467,21,0,0
BRDA:467,21,1,0
BRDA:485,22,0,0
BRDA:485,22,1,0
BRDA:491,23,0,0
BRDA:491,23,1,0
BRF:46
BRH:0
end_of_record
TN:
SF:/home/osboxes/Desktop/ditto-contracts/contracts/staking/IStaking.sol
FN:23,supportsHistory
FNF:1
FNH:0
FNDA:0,supportsHistory
DA:24,0
LF:1
LH:0
BRF:0
BRH:0
end_of_record
TN:
SF:/home/osboxes/Desktop/ditto-contracts/contracts/staking/TokenPool.sol
FN:16,constructor
FN:20,balance
FN:24,transfer
FN:28,rescueFunds
FNF:4
FNH:0
FNDA:0,constructor
FNDA:0,balance
FNDA:0,transfer
FNDA:0,rescueFunds
DA:17,0
DA:21,0
DA:25,0
DA:29,0
DA:31,0
LF:5
LH:0
BRDA:29,1,0,0
BRDA:29,1,1,0
BRF:2
BRH:0
end_of_record
